c:\users\c14804a\onedrive - experian services corp\documents\visual studio 2015\projects\gds_generator\gds_generator\release\gds_generator.pch
c:\users\c14804a\onedrive - experian services corp\documents\visual studio 2015\projects\gds_generator\gds_generator\release\vc142.pdb
c:\users\c14804a\onedrive - experian services corp\documents\visual studio 2015\projects\gds_generator\gds_generator\release\stdafx.obj
c:\users\c14804a\onedrive - experian services corp\documents\visual studio 2015\projects\gds_generator\gds_generator\release\gds_generator.obj
c:\users\c14804a\onedrive - experian services corp\documents\visual studio 2015\projects\gds_generator\gds_generator\release\fileoperation.obj
c:\users\c14804a\onedrive - experian services corp\documents\visual studio 2015\projects\gds_generator\release\gds_generator.ipdb
c:\users\c14804a\onedrive - experian services corp\documents\visual studio 2015\projects\gds_generator\release\gds_generator.iobj
c:\users\c14804a\onedrive - experian services corp\documents\visual studio 2015\projects\gds_generator\release\gds_generator.exe
c:\users\c14804a\onedrive - experian services corp\documents\visual studio 2015\projects\gds_generator\release\gds_generator.pdb
c:\users\c14804a\onedrive - experian services corp\documents\visual studio 2015\projects\gds_generator\gds_generator\release\resource.res
c:\users\c14804a\onedrive - experian services corp\documents\visual studio 2015\projects\gds_generator\gds_generator\release\gds_generator.tlog\cl.command.1.tlog
c:\users\c14804a\onedrive - experian services corp\documents\visual studio 2015\projects\gds_generator\gds_generator\release\gds_generator.tlog\cl.read.1.tlog
c:\users\c14804a\onedrive - experian services corp\documents\visual studio 2015\projects\gds_generator\gds_generator\release\gds_generator.tlog\cl.write.1.tlog
c:\users\c14804a\onedrive - experian services corp\documents\visual studio 2015\projects\gds_generator\gds_generator\release\gds_generator.tlog\gds_generator.write.1u.tlog
c:\users\c14804a\onedrive - experian services corp\documents\visual studio 2015\projects\gds_generator\gds_generator\release\gds_generator.tlog\link.command.1.tlog
c:\users\c14804a\onedrive - experian services corp\documents\visual studio 2015\projects\gds_generator\gds_generator\release\gds_generator.tlog\link.read.1.tlog
c:\users\c14804a\onedrive - experian services corp\documents\visual studio 2015\projects\gds_generator\gds_generator\release\gds_generator.tlog\link.write.1.tlog
c:\users\c14804a\onedrive - experian services corp\documents\visual studio 2015\projects\gds_generator\gds_generator\release\gds_generator.tlog\rc.command.1.tlog
c:\users\c14804a\onedrive - experian services corp\documents\visual studio 2015\projects\gds_generator\gds_generator\release\gds_generator.tlog\rc.read.1.tlog
c:\users\c14804a\onedrive - experian services corp\documents\visual studio 2015\projects\gds_generator\gds_generator\release\gds_generator.tlog\rc.write.1.tlog
